<?xml version="1.0" encoding="UTF-8"?>
<!-- Generated by org.testng.reporters.JUnitReportReporter -->
<testsuite hostname="LAPTOP-V4H52QRD" failures="0" tests="1" name="com.vtiger.genericRepository.createOrganisation1" time="177.586" errors="0" timestamp="2021-03-08T21:39:49 GMT-08:00" skipped="0">
  <testcase classname="com.vtiger.genericRepository.createOrganisation1" name="createOrganisation1" time="177.586"/>
  <system-out/>
</testsuite> <!-- com.vtiger.genericRepository.createOrganisation1 -->
