<?xml version="1.0" encoding="UTF-8"?>
<!-- Generated by org.testng.reporters.JUnitReportReporter -->
<testsuite hostname="LAPTOP-V4H52QRD" failures="0" tests="1" name="com.comcast.objectelementrepositoryutility.createorganaisationpage" time="19.570" errors="0" timestamp="2021-03-05T03:44:17 GMT-08:00" skipped="0">
  <testcase classname="com.comcast.objectelementrepositoryutility.createorganaisationpage" name="reateorganaisationpage" time="19.570"/>
  <system-out/>
</testsuite> <!-- com.comcast.objectelementrepositoryutility.createorganaisationpage -->
