<?xml version="1.0" encoding="UTF-8"?>
<!-- Generated by org.testng.reporters.JUnitReportReporter -->
<testsuite hostname="LAPTOP-V4H52QRD" failures="0" tests="1" name="com.crm.autodesk.organisationTest.createorganaisationpage" time="19.246" errors="0" timestamp="2021-03-05T03:46:26 GMT-08:00" skipped="0">
  <testcase classname="com.crm.autodesk.organisationTest.createorganaisationpage" name="reateorganaisationpage" time="19.246"/>
  <system-out/>
</testsuite> <!-- com.crm.autodesk.organisationTest.createorganaisationpage -->
