<?xml version="1.0" encoding="UTF-8"?>
<!-- Generated by org.testng.reporters.JUnitReportReporter -->
<testsuite hostname="LAPTOP-V4H52QRD" failures="0" tests="1" name="com.vtiger.genericRepository.CrateCOntact2" time="112.373" errors="0" timestamp="2021-03-08T21:44:11 GMT-08:00" skipped="0">
  <testcase classname="com.vtiger.genericRepository.CrateCOntact2" name="CrateCOntact" time="112.373"/>
  <system-out/>
</testsuite> <!-- com.vtiger.genericRepository.CrateCOntact2 -->
