<?xml version="1.0" encoding="UTF-8"?>
<!-- Generated by org.testng.reporters.JUnitReportReporter -->
<testsuite hostname="LAPTOP-V4H52QRD" failures="0" tests="1" name="com.vtiger.genericRepository.DeleteContact3" time="76.291" errors="0" timestamp="2021-03-08T22:33:47 GMT-08:00" skipped="0">
  <testcase classname="com.vtiger.genericRepository.DeleteContact3" name="DeleteContact" time="76.291"/>
  <system-out/>
</testsuite> <!-- com.vtiger.genericRepository.DeleteContact3 -->
